<?xml version="1.0" encoding="UTF-8"?>
<!-- Generated by org.testng.reporters.JUnitReportReporter -->
<testsuite hostname="GSD-03758360" failures="0" tests="1" name="_1_41_Streams" time="0.007" errors="0" timestamp="2022-02-02T23:21:25 IST" skipped="0">
  <testcase classname="_1_41_Streams" name="stream_map" time="0.007"/>
  <system-out/>
</testsuite> <!-- _1_41_Streams -->
