<?xml version="1.0" encoding="UTF-8"?>
<!-- Generated by org.testng.reporters.JUnitReportReporter -->
<testsuite hostname="GSD-03758360" failures="0" tests="2" name="_1_47_Test_NG_part_1" time="0.008" errors="0" timestamp="2022-02-08T23:08:32 IST" skipped="0">
  <testcase classname="_1_47_Test_NG_part_1" name="demo" time="0.007"/>
  <system-out/>
  <testcase classname="_1_47_Test_NG_part_1" name="demo2" time="0.001"/>
  <system-out/>
</testsuite> <!-- _1_47_Test_NG_part_1 -->
